<?xml version="1.0" encoding="UTF-8"?>
<testng-results total="1" passed="1" failed="0" skipped="0">
  <reporter-output>
  </reporter-output>
  <suite started-at="2022-03-13T04:12:28Z" name="Default suite" finished-at="2022-03-13T04:12:34Z" duration-ms="6146">
    <groups>
    </groups>
    <test started-at="2022-03-13T04:12:28Z" name="Default test" finished-at="2022-03-13T04:12:34Z" duration-ms="6146">
      <class name="functions.ElementPage">
        <test-method is-config="true" signature="webDriverSetUp()[pri:0, instance:functions.ElementPage@573906eb]" started-at="2022-03-13T12:12:28Z" name="webDriverSetUp" finished-at="2022-03-13T12:12:34Z" duration-ms="5678" status="PASS">
          <reporter-output>
          </reporter-output>
        </test-method> <!-- webDriverSetUp -->
        <test-method signature="verifyDownloadDoc()[pri:0, instance:functions.ElementPage@573906eb]" started-at="2022-03-13T12:12:34Z" name="verifyDownloadDoc" finished-at="2022-03-13T12:12:34Z" duration-ms="464" status="PASS">
          <reporter-output>
          </reporter-output>
        </test-method> <!-- verifyDownloadDoc -->
        <test-method is-config="true" signature="webDriverClose()[pri:0, instance:functions.ElementPage@573906eb]" started-at="2022-03-13T12:12:34Z" name="webDriverClose" finished-at="2022-03-13T12:12:34Z" duration-ms="0" status="PASS">
          <reporter-output>
          </reporter-output>
        </test-method> <!-- webDriverClose -->
      </class> <!-- functions.ElementPage -->
    </test> <!-- Default test -->
  </suite> <!-- Default suite -->
</testng-results>
